# JRE version: Java(TM) SE Runtime Environment (9.0+11) (build 9.0.4+11)
# Java VM: Java HotSpot(TM) 64-Bit Server VM (9.0.4+11, mixed mode, tiered, compressed oops, g1 gc, windows-amd64)
Heap:
 garbage-first heap   total 169984K, used 152631K [0x0000000081800000, 0x0000000081900530, 0x0000000100000000)
  region size 1024K, 99 young (101376K), 12 survivors (12288K)
 Metaspace       used 30809K, capacity 31860K, committed 32000K, reserved 1077248K
  class space    used 3318K, capacity 3572K, committed 3584K, reserved 1048576K
GC Heap History (10 events):
Event: 0.973 GC heap after
{Heap after GC invocations=1 (full 0):
 garbage-first heap   total 131072K, used 4684K [0x0000000081800000, 0x0000000081900400, 0x0000000100000000)
  region size 1024K, 2 young (2048K), 2 survivors (2048K)
 Metaspace       used 10123K, capacity 10410K, committed 10624K, reserved 1058816K
  class space    used 956K, capacity 1068K, committed 1152K, reserved 1048576K
}
Event: 1.230 GC heap before
{Heap before GC invocations=1 (full 0):
 garbage-first heap   total 131072K, used 10828K [0x0000000081800000, 0x0000000081900400, 0x0000000100000000)
  region size 1024K, 8 young (8192K), 2 survivors (2048K)
 Metaspace       used 12015K, capacity 12346K, committed 12672K, reserved 1060864K
  class space    used 1216K, capacity 1308K, committed 1408K, reserved 1048576K
}
Event: 1.235 GC heap after
{Heap after GC invocations=2 (full 0):
 garbage-first heap   total 131072K, used 6207K [0x0000000081800000, 0x0000000081900400, 0x0000000100000000)
  region size 1024K, 1 young (1024K), 1 survivors (1024K)
 Metaspace       used 12015K, capacity 12346K, committed 12672K, reserved 1060864K
  class space    used 1216K, capacity 1308K, committed 1408K, reserved 1048576K
}
Event: 1.723 GC heap before
{Heap before GC invocations=2 (full 0):
 garbage-first heap   total 131072K, used 27711K [0x0000000081800000, 0x0000000081900400, 0x0000000100000000)
  region size 1024K, 22 young (22528K), 1 survivors (1024K)
 Metaspace       used 13418K, capacity 13674K, committed 13824K, reserved 1060864K
  class space    used 1383K, capacity 1470K, committed 1536K, reserved 1048576K
}
Event: 1.729 GC heap after
{Heap after GC invocations=3 (full 0):
 garbage-first heap   total 131072K, used 8548K [0x0000000081800000, 0x0000000081900400, 0x0000000100000000)
  region size 1024K, 3 young (3072K), 3 survivors (3072K)
 Metaspace       used 13418K, capacity 13674K, committed 13824K, reserved 1060864K
  class space    used 1383K, capacity 1470K, committed 1536K, reserved 1048576K
}
Event: 3.185 GC heap before
{Heap before GC invocations=3 (full 0):
 garbage-first heap   total 131072K, used 51556K [0x0000000081800000, 0x0000000081900400, 0x0000000100000000)
  region size 1024K, 45 young (46080K), 3 survivors (3072K)
 Metaspace       used 19501K, capacity 19904K, committed 20224K, reserved 1067008K
  class space    used 2104K, capacity 2206K, committed 2304K, reserved 1048576K
}
Event: 3.198 GC heap after
{Heap after GC invocations=4 (full 0):
 garbage-first heap   total 131072K, used 14102K [0x0000000081800000, 0x0000000081900400, 0x0000000100000000)
  region size 1024K, 6 young (6144K), 6 survivors (6144K)
 Metaspace       used 19501K, capacity 19904K, committed 20224K, reserved 1067008K
  class space    used 2104K, capacity 2206K, committed 2304K, reserved 1048576K
}
Event: 4.701 GC heap before
{Heap before GC invocations=4 (full 0):
 garbage-first heap   total 131072K, used 62230K [0x0000000081800000, 0x0000000081900400, 0x0000000100000000)
  region size 1024K, 54 young (55296K), 6 survivors (6144K)
 Metaspace       used 20605K, capacity 21002K, committed 21296K, reserved 1069056K
  class space    used 2167K, capacity 2309K, committed 2432K, reserved 1048576K
}
Event: 4.718 GC heap after
{Heap after GC invocations=5 (full 0):
 garbage-first heap   total 157696K, used 16439K [0x0000000081800000, 0x00000000819004d0, 0x0000000100000000)
  region size 1024K, 5 young (5120K), 5 survivors (5120K)
 Metaspace       used 20605K, capacity 21002K, committed 21296K, reserved 1069056K
  class space    used 2167K, capacity 2309K, committed 2432K, reserved 1048576K
}
Event: 7.780 GC heap before
{Heap before GC invocations=6 (full 0):
 garbage-first heap   total 157696K, used 152631K [0x0000000081800000, 0x00000000819004d0, 0x0000000100000000)
  region size 1024K, 92 young (94208K), 5 survivors (5120K)
 Metaspace       used 30809K, capacity 31860K, committed 32000K, reserved 1077248K
  class space    used 3318K, capacity 3572K, committed 3584K, reserved 1048576K
}

