# JRE version: Java(TM) SE Runtime Environment (9.0+11) (build 9.0.4+11)
# Java VM: Java HotSpot(TM) 64-Bit Server VM (9.0.4+11, mixed mode, tiered, compressed oops, g1 gc, windows-amd64)
Heap:
 garbage-first heap   total 172032K, used 37046K [0x0000000081800000, 0x0000000081900540, 0x0000000100000000)
  region size 1024K, 22 young (22528K), 12 survivors (12288K)
 Metaspace       used 31588K, capacity 32722K, committed 32896K, reserved 1079296K
  class space    used 3399K, capacity 3642K, committed 3712K, reserved 1048576K
GC Heap History (10 events):
Event: 1.064 GC heap before
{Heap before GC invocations=1 (full 0):
 garbage-first heap   total 131072K, used 9903K [0x0000000081800000, 0x0000000081900400, 0x0000000100000000)
  region size 1024K, 7 young (7168K), 2 survivors (2048K)
 Metaspace       used 11642K, capacity 11892K, committed 12032K, reserved 1060864K
  class space    used 1168K, capacity 1243K, committed 1280K, reserved 1048576K
}
Event: 1.069 GC heap after
{Heap after GC invocations=2 (full 0):
 garbage-first heap   total 131072K, used 6069K [0x0000000081800000, 0x0000000081900400, 0x0000000100000000)
  region size 1024K, 1 young (1024K), 1 survivors (1024K)
 Metaspace       used 11642K, capacity 11892K, committed 12032K, reserved 1060864K
  class space    used 1168K, capacity 1243K, committed 1280K, reserved 1048576K
}
Event: 1.658 GC heap before
{Heap before GC invocations=2 (full 0):
 garbage-first heap   total 131072K, used 26549K [0x0000000081800000, 0x0000000081900400, 0x0000000100000000)
  region size 1024K, 21 young (21504K), 1 survivors (1024K)
 Metaspace       used 13337K, capacity 13610K, committed 13824K, reserved 1060864K
  class space    used 1374K, capacity 1470K, committed 1536K, reserved 1048576K
}
Event: 1.663 GC heap after
{Heap after GC invocations=3 (full 0):
 garbage-first heap   total 131072K, used 8298K [0x0000000081800000, 0x0000000081900400, 0x0000000100000000)
  region size 1024K, 3 young (3072K), 3 survivors (3072K)
 Metaspace       used 13337K, capacity 13610K, committed 13824K, reserved 1060864K
  class space    used 1374K, capacity 1470K, committed 1536K, reserved 1048576K
}
Event: 3.351 GC heap before
{Heap before GC invocations=3 (full 0):
 garbage-first heap   total 131072K, used 58474K [0x0000000081800000, 0x0000000081900400, 0x0000000100000000)
  region size 1024K, 52 young (53248K), 3 survivors (3072K)
 Metaspace       used 19612K, capacity 20072K, committed 20480K, reserved 1067008K
  class space    used 2106K, capacity 2240K, committed 2304K, reserved 1048576K
}
Event: 3.367 GC heap after
{Heap after GC invocations=4 (full 0):
 garbage-first heap   total 131072K, used 14776K [0x0000000081800000, 0x0000000081900400, 0x0000000100000000)
  region size 1024K, 7 young (7168K), 7 survivors (7168K)
 Metaspace       used 19612K, capacity 20072K, committed 20480K, reserved 1067008K
  class space    used 2106K, capacity 2240K, committed 2304K, reserved 1048576K
}
Event: 4.799 GC heap before
{Heap before GC invocations=4 (full 0):
 garbage-first heap   total 131072K, used 58808K [0x0000000081800000, 0x0000000081900400, 0x0000000100000000)
  region size 1024K, 51 young (52224K), 7 survivors (7168K)
 Metaspace       used 20611K, capacity 20998K, committed 21296K, reserved 1069056K
  class space    used 2167K, capacity 2309K, committed 2432K, reserved 1048576K
}
Event: 4.814 GC heap after
{Heap after GC invocations=5 (full 0):
 garbage-first heap   total 157696K, used 16478K [0x0000000081800000, 0x00000000819004d0, 0x0000000100000000)
  region size 1024K, 5 young (5120K), 5 survivors (5120K)
 Metaspace       used 20611K, capacity 20998K, committed 21296K, reserved 1069056K
  class space    used 2167K, capacity 2309K, committed 2432K, reserved 1048576K
}
Event: 7.877 GC heap before
{Heap before GC invocations=6 (full 0):
 garbage-first heap   total 157696K, used 152670K [0x0000000081800000, 0x00000000819004d0, 0x0000000100000000)
  region size 1024K, 92 young (94208K), 5 survivors (5120K)
 Metaspace       used 30973K, capacity 32052K, committed 32256K, reserved 1077248K
  class space    used 3329K, capacity 3572K, committed 3584K, reserved 1048576K
}
Event: 7.906 GC heap after
{Heap after GC invocations=7 (full 0):
 garbage-first heap   total 172032K, used 27830K [0x0000000081800000, 0x0000000081900540, 0x0000000100000000)
  region size 1024K, 12 young (12288K), 12 survivors (12288K)
 Metaspace       used 30973K, capacity 32052K, committed 32256K, reserved 1077248K
  class space    used 3329K, capacity 3572K, committed 3584K, reserved 1048576K
}

